19:31:17,325  WARN main SqlExceptionHelper:logExceptions:143 - SQL Error: 17004, SQLState: 99999
19:31:17,327 ERROR main SqlExceptionHelper:logExceptions:144 - Invalid column type: getString not implemented for class oracle.jdbc.driver.T4CBlobAccessor
19:33:41,633  WARN main SqlExceptionHelper:logExceptions:143 - SQL Error: 17004, SQLState: 99999
19:33:41,636 ERROR main SqlExceptionHelper:logExceptions:144 - Invalid column type: getString not implemented for class oracle.jdbc.driver.T4CBlobAccessor
19:34:46,803  WARN main SqlExceptionHelper:logExceptions:143 - SQL Error: 17004, SQLState: 99999
19:34:46,806 ERROR main SqlExceptionHelper:logExceptions:144 - Invalid column type: getString not implemented for class oracle.jdbc.driver.T4CBlobAccessor
19:34:58,681  WARN main SqlExceptionHelper:logExceptions:143 - SQL Error: 17004, SQLState: 99999
19:34:58,684 ERROR main SqlExceptionHelper:logExceptions:144 - Invalid column type: getString not implemented for class oracle.jdbc.driver.T4CBlobAccessor
19:36:36,466  WARN main SqlExceptionHelper:logExceptions:143 - SQL Error: 17004, SQLState: 99999
19:36:36,470 ERROR main SqlExceptionHelper:logExceptions:144 - Invalid column type: getString not implemented for class oracle.jdbc.driver.T4CBlobAccessor
19:38:58,351  WARN main SqlExceptionHelper:logExceptions:143 - SQL Error: 17004, SQLState: 99999
19:38:58,353 ERROR main SqlExceptionHelper:logExceptions:144 - Invalid column type: getString not implemented for class oracle.jdbc.driver.T4CBlobAccessor
20:01:56,032 ERROR main ErrorCounter:reportError:54 - line 1:46: unexpected token: where
20:01:56,032 ERROR main ErrorCounter:reportError:50 - line 1:46: unexpected token: where
line 1:46: unexpected token: where
	at org.hibernate.hql.internal.antlr.HqlBaseParser.queryRule(HqlBaseParser.java:741)
	at org.hibernate.hql.internal.antlr.HqlBaseParser.selectStatement(HqlBaseParser.java:294)
	at org.hibernate.hql.internal.antlr.HqlBaseParser.statement(HqlBaseParser.java:157)
	at org.hibernate.hql.internal.ast.QueryTranslatorImpl.parse(QueryTranslatorImpl.java:266)
	at org.hibernate.hql.internal.ast.QueryTranslatorImpl.doCompile(QueryTranslatorImpl.java:180)
	at org.hibernate.hql.internal.ast.QueryTranslatorImpl.compile(QueryTranslatorImpl.java:136)
	at org.hibernate.engine.query.spi.HQLQueryPlan.<init>(HQLQueryPlan.java:106)
	at org.hibernate.engine.query.spi.HQLQueryPlan.<init>(HQLQueryPlan.java:81)
	at org.hibernate.engine.query.spi.QueryPlanCache.getHQLQueryPlan(QueryPlanCache.java:167)
	at org.hibernate.internal.AbstractSessionImpl.getHQLQueryPlan(AbstractSessionImpl.java:217)
	at org.hibernate.internal.AbstractSessionImpl.createQuery(AbstractSessionImpl.java:195)
	at org.hibernate.internal.SessionImpl.createQuery(SessionImpl.java:1649)
	at sun.reflect.NativeMethodAccessorImpl.invoke0(Native Method)
	at sun.reflect.NativeMethodAccessorImpl.invoke(NativeMethodAccessorImpl.java:39)
	at sun.reflect.DelegatingMethodAccessorImpl.invoke(DelegatingMethodAccessorImpl.java:25)
	at java.lang.reflect.Method.invoke(Method.java:597)
	at org.hibernate.context.internal.ThreadLocalSessionContext$TransactionProtectionWrapper.invoke(ThreadLocalSessionContext.java:352)
	at $Proxy14.createQuery(Unknown Source)
	at ua.netcrackerteam.DAO.DAOInterviewImpl.updateRegistrationToInterview(DAOInterviewImpl.java:41)
	at ua.netcrackerteam.DAO.DAOInterviewImpl.main(DAOInterviewImpl.java:26)
20:09:18,670  WARN main SqlExceptionHelper:logExceptions:143 - SQL Error: 17004, SQLState: 99999
20:09:18,676 ERROR main SqlExceptionHelper:logExceptions:144 - Invalid column type: getString not implemented for class oracle.jdbc.driver.T4CBlobAccessor
20:14:46,109  WARN main SqlExceptionHelper:logExceptions:143 - SQL Error: 17004, SQLState: 99999
20:14:46,115 ERROR main SqlExceptionHelper:logExceptions:144 - Invalid column type: getString not implemented for class oracle.jdbc.driver.T4CBlobAccessor
20:15:31,608  WARN main SqlExceptionHelper:logExceptions:143 - SQL Error: 17004, SQLState: 99999
20:15:31,613 ERROR main SqlExceptionHelper:logExceptions:144 - Invalid column type: getString not implemented for class oracle.jdbc.driver.T4CBlobAccessor
20:17:57,577  WARN main SqlExceptionHelper:logExceptions:143 - SQL Error: 17004, SQLState: 99999
20:17:57,582 ERROR main SqlExceptionHelper:logExceptions:144 - Invalid column type: getString not implemented for class oracle.jdbc.driver.T4CBlobAccessor
20:18:54,306  WARN main SqlExceptionHelper:logExceptions:143 - SQL Error: 17004, SQLState: 99999
20:18:54,311 ERROR main SqlExceptionHelper:logExceptions:144 - Invalid column type: getString not implemented for class oracle.jdbc.driver.T4CBlobAccessor
20:23:34,347  WARN main SqlExceptionHelper:logExceptions:143 - SQL Error: 17004, SQLState: 99999
20:23:34,352 ERROR main SqlExceptionHelper:logExceptions:144 - Invalid column type: getString not implemented for class oracle.jdbc.driver.T4CBlobAccessor
20:24:08,019  WARN main SqlExceptionHelper:logExceptions:143 - SQL Error: 17004, SQLState: 99999
20:24:08,024 ERROR main SqlExceptionHelper:logExceptions:144 - Invalid column type: getString not implemented for class oracle.jdbc.driver.T4CBlobAccessor
20:25:19,150  WARN main SqlExceptionHelper:logExceptions:143 - SQL Error: 17004, SQLState: 99999
20:25:19,155 ERROR main SqlExceptionHelper:logExceptions:144 - Invalid column type: getString not implemented for class oracle.jdbc.driver.T4CBlobAccessor
20:27:55,100  WARN main HqlSqlWalker:generatePositionalParameter:931 - [DEPRECATION] Encountered positional parameter near line 1, column 55.  Positional parameter are considered deprecated; use named parameters or JPA-style positional parameters instead.
20:27:55,160  WARN main HqlSqlWalker:generatePositionalParameter:931 - [DEPRECATION] Encountered positional parameter near line 1, column 55.  Positional parameter are considered deprecated; use named parameters or JPA-style positional parameters instead.
20:40:09,167  WARN main HqlSqlWalker:generatePositionalParameter:931 - [DEPRECATION] Encountered positional parameter near line 1, column 53.  Positional parameter are considered deprecated; use named parameters or JPA-style positional parameters instead.
20:40:09,246  WARN main HqlSqlWalker:generatePositionalParameter:931 - [DEPRECATION] Encountered positional parameter near line 1, column 53.  Positional parameter are considered deprecated; use named parameters or JPA-style positional parameters instead.
20:40:49,900  WARN main HqlSqlWalker:generatePositionalParameter:931 - [DEPRECATION] Encountered positional parameter near line 1, column 53.  Positional parameter are considered deprecated; use named parameters or JPA-style positional parameters instead.
20:40:49,950  WARN main HqlSqlWalker:generatePositionalParameter:931 - [DEPRECATION] Encountered positional parameter near line 1, column 53.  Positional parameter are considered deprecated; use named parameters or JPA-style positional parameters instead.
20:40:50,280  WARN main SqlExceptionHelper:logExceptions:143 - SQL Error: 17004, SQLState: 99999
20:40:50,280 ERROR main SqlExceptionHelper:logExceptions:144 - Invalid column type: getString not implemented for class oracle.jdbc.driver.T4CBlobAccessor
20:41:33,342  WARN main HqlSqlWalker:generatePositionalParameter:931 - [DEPRECATION] Encountered positional parameter near line 1, column 53.  Positional parameter are considered deprecated; use named parameters or JPA-style positional parameters instead.
20:41:33,397  WARN main HqlSqlWalker:generatePositionalParameter:931 - [DEPRECATION] Encountered positional parameter near line 1, column 53.  Positional parameter are considered deprecated; use named parameters or JPA-style positional parameters instead.
20:41:33,739  WARN main SqlExceptionHelper:logExceptions:143 - SQL Error: 17004, SQLState: 99999
20:41:33,740 ERROR main SqlExceptionHelper:logExceptions:144 - Invalid column type: getString not implemented for class oracle.jdbc.driver.T4CBlobAccessor
20:42:15,349  WARN main HqlSqlWalker:generatePositionalParameter:931 - [DEPRECATION] Encountered positional parameter near line 1, column 53.  Positional parameter are considered deprecated; use named parameters or JPA-style positional parameters instead.
20:42:15,407  WARN main HqlSqlWalker:generatePositionalParameter:931 - [DEPRECATION] Encountered positional parameter near line 1, column 53.  Positional parameter are considered deprecated; use named parameters or JPA-style positional parameters instead.
20:43:17,599  WARN main HqlSqlWalker:generatePositionalParameter:931 - [DEPRECATION] Encountered positional parameter near line 1, column 53.  Positional parameter are considered deprecated; use named parameters or JPA-style positional parameters instead.
20:43:17,662  WARN main HqlSqlWalker:generatePositionalParameter:931 - [DEPRECATION] Encountered positional parameter near line 1, column 53.  Positional parameter are considered deprecated; use named parameters or JPA-style positional parameters instead.
20:43:18,026  WARN main SqlExceptionHelper:logExceptions:143 - SQL Error: 17004, SQLState: 99999
20:43:18,027 ERROR main SqlExceptionHelper:logExceptions:144 - Invalid column type: getString not implemented for class oracle.jdbc.driver.T4CBlobAccessor
20:46:33,510  WARN main HqlSqlWalker:generatePositionalParameter:931 - [DEPRECATION] Encountered positional parameter near line 1, column 53.  Positional parameter are considered deprecated; use named parameters or JPA-style positional parameters instead.
20:46:33,570  WARN main HqlSqlWalker:generatePositionalParameter:931 - [DEPRECATION] Encountered positional parameter near line 1, column 53.  Positional parameter are considered deprecated; use named parameters or JPA-style positional parameters instead.
20:46:33,900  WARN main SqlExceptionHelper:logExceptions:143 - SQL Error: 17004, SQLState: 99999
20:46:33,900 ERROR main SqlExceptionHelper:logExceptions:144 - Invalid column type: getString not implemented for class oracle.jdbc.driver.T4CBlobAccessor
20:46:51,486  WARN main HqlSqlWalker:generatePositionalParameter:931 - [DEPRECATION] Encountered positional parameter near line 1, column 53.  Positional parameter are considered deprecated; use named parameters or JPA-style positional parameters instead.
20:46:51,537  WARN main HqlSqlWalker:generatePositionalParameter:931 - [DEPRECATION] Encountered positional parameter near line 1, column 53.  Positional parameter are considered deprecated; use named parameters or JPA-style positional parameters instead.
20:47:43,754  WARN main HqlSqlWalker:generatePositionalParameter:931 - [DEPRECATION] Encountered positional parameter near line 1, column 53.  Positional parameter are considered deprecated; use named parameters or JPA-style positional parameters instead.
20:47:43,814  WARN main HqlSqlWalker:generatePositionalParameter:931 - [DEPRECATION] Encountered positional parameter near line 1, column 53.  Positional parameter are considered deprecated; use named parameters or JPA-style positional parameters instead.
20:47:44,134  WARN main SqlExceptionHelper:logExceptions:143 - SQL Error: 17004, SQLState: 99999
20:47:44,134 ERROR main SqlExceptionHelper:logExceptions:144 - Invalid column type: getString not implemented for class oracle.jdbc.driver.T4CBlobAccessor
20:48:24,816  WARN main HqlSqlWalker:generatePositionalParameter:931 - [DEPRECATION] Encountered positional parameter near line 1, column 53.  Positional parameter are considered deprecated; use named parameters or JPA-style positional parameters instead.
20:48:24,880  WARN main HqlSqlWalker:generatePositionalParameter:931 - [DEPRECATION] Encountered positional parameter near line 1, column 53.  Positional parameter are considered deprecated; use named parameters or JPA-style positional parameters instead.
20:48:25,253  WARN main SqlExceptionHelper:logExceptions:143 - SQL Error: 17004, SQLState: 99999
20:48:25,254 ERROR main SqlExceptionHelper:logExceptions:144 - Invalid column type: getString not implemented for class oracle.jdbc.driver.T4CBlobAccessor
20:49:18,865  WARN main HqlSqlWalker:generatePositionalParameter:931 - [DEPRECATION] Encountered positional parameter near line 1, column 53.  Positional parameter are considered deprecated; use named parameters or JPA-style positional parameters instead.
20:49:18,920  WARN main HqlSqlWalker:generatePositionalParameter:931 - [DEPRECATION] Encountered positional parameter near line 1, column 53.  Positional parameter are considered deprecated; use named parameters or JPA-style positional parameters instead.
20:49:19,266  WARN main SqlExceptionHelper:logExceptions:143 - SQL Error: 17004, SQLState: 99999
20:49:19,267 ERROR main SqlExceptionHelper:logExceptions:144 - Invalid column type: getString not implemented for class oracle.jdbc.driver.T4CBlobAccessor
20:56:34,827  WARN main SqlExceptionHelper:logExceptions:143 - SQL Error: 17004, SQLState: 99999
20:56:34,833 ERROR main SqlExceptionHelper:logExceptions:144 - Invalid column type: getString not implemented for class oracle.jdbc.driver.T4CBlobAccessor
21:00:45,368  WARN main SqlExceptionHelper:logExceptions:143 - SQL Error: 17004, SQLState: 99999
21:00:45,374 ERROR main SqlExceptionHelper:logExceptions:144 - Invalid column type: getString not implemented for class oracle.jdbc.driver.T4CBlobAccessor
16/02/2013 2:25:01 [main] INFO - <[ua.netcrackerteam.configuration.HibernateUtil],[<clinit>] has successfully executed>
16/02/2013 2:25:01 [main] INFO - <[ua.netcrackerteam.configuration.HibernateUtil],[<clinit>] has successfully executed>
16/02/2013 2:25:01 [main] INFO - <[ua.netcrackerteam.configuration.HibernateUtil],[<clinit>] has successfully executed>
16/02/2013 3:00:26 [main] INFO - <[ua.netcrackerteam.configuration.HibernateUtil],[<clinit>] has successfully executed>
16/02/2013 3:00:26 [main] INFO - <[ua.netcrackerteam.configuration.HibernateUtil],[<clinit>] has successfully executed>
16/02/2013 3:00:26 [main] INFO - <[ua.netcrackerteam.configuration.HibernateUtil],[<clinit>] has successfully executed>
16/02/2013 3:00:57 [main] INFO - <[ua.netcrackerteam.configuration.HibernateUtil],[<clinit>] has successfully executed>
16/02/2013 3:00:57 [main] INFO - <[ua.netcrackerteam.configuration.HibernateUtil],[<clinit>] has successfully executed>
16/02/2013 3:00:57 [main] INFO - <[ua.netcrackerteam.configuration.HibernateUtil],[<clinit>] has successfully executed>
