19:15:23,308  INFO main InterviewLoggerSingleton:info:43 - [ua.netcrackerteam.DAO.DbConnectionSingleton],[getConnection] has successfully executed
19:15:23,437  INFO main InterviewLoggerSingleton:info:43 - [ua.netcrackerteam.DAO.DBStandartQuery],[SelectQuery] has successfully executed
19:15:23,438  INFO main InterviewLoggerSingleton:info:43 - [ua.netcrackerteam.DAO.DBConnect],[GetFIOFromForm] has successfully executed
19:15:23,439  INFO main InterviewLoggerSingleton:info:43 - [ua.netcrackerteam.DAO.DBConnect],[main] has successfully executed
19:15:57,597  INFO main InterviewLoggerSingleton:info:43 - [ua.netcrackerteam.DAO.DbConnectionSingleton],[getConnection] has successfully executed
19:15:57,670 ERROR main InterviewLoggerSingleton:error:55 - [ua.netcrackerteam.DAO.DBStandartQuery],[SelectQuery] error occurred
java.sql.SQLException: ORA-00904: "CON"."ID_FORM": invalid identifier

	at oracle.jdbc.driver.T4CTTIoer.processError(T4CTTIoer.java:440)
	at oracle.jdbc.driver.T4CTTIoer.processError(T4CTTIoer.java:396)
	at oracle.jdbc.driver.T4C8Oall.processError(T4C8Oall.java:837)
	at oracle.jdbc.driver.T4CTTIfun.receive(T4CTTIfun.java:445)
	at oracle.jdbc.driver.T4CTTIfun.doRPC(T4CTTIfun.java:191)
	at oracle.jdbc.driver.T4C8Oall.doOALL(T4C8Oall.java:523)
	at oracle.jdbc.driver.T4CStatement.doOall8(T4CStatement.java:193)
	at oracle.jdbc.driver.T4CStatement.executeForDescribe(T4CStatement.java:852)
	at oracle.jdbc.driver.OracleStatement.executeMaybeDescribe(OracleStatement.java:1153)
	at oracle.jdbc.driver.OracleStatement.doExecuteWithTimeout(OracleStatement.java:1275)
	at oracle.jdbc.driver.OracleStatement.doScrollExecuteCommon(OracleStatement.java:4726)
	at oracle.jdbc.driver.OracleStatement.doScrollStmtExecuteQuery(OracleStatement.java:4760)
	at oracle.jdbc.driver.OracleStatement.executeQuery(OracleStatement.java:1484)
	at oracle.jdbc.driver.OracleStatementWrapper.executeQuery(OracleStatementWrapper.java:392)
	at ua.netcrackerteam.DAO.DBStandartQuery.SelectQuery(DBStandartQuery.java:37)
	at ua.netcrackerteam.DAO.DBConnect.GetFIOFromForm(DBConnect.java:43)
	at ua.netcrackerteam.DAO.DBConnect.main(DBConnect.java:22)
	at sun.reflect.NativeMethodAccessorImpl.invoke0(Native Method)
	at sun.reflect.NativeMethodAccessorImpl.invoke(NativeMethodAccessorImpl.java:39)
	at sun.reflect.DelegatingMethodAccessorImpl.invoke(DelegatingMethodAccessorImpl.java:25)
	at java.lang.reflect.Method.invoke(Method.java:597)
	at com.intellij.rt.execution.application.AppMain.main(AppMain.java:120)
19:16:39,516  INFO main InterviewLoggerSingleton:info:43 - [ua.netcrackerteam.DAO.DbConnectionSingleton],[getConnection] has successfully executed
19:16:39,657  INFO main InterviewLoggerSingleton:info:43 - [ua.netcrackerteam.DAO.DBStandartQuery],[SelectQuery] has successfully executed
19:16:39,658  INFO main InterviewLoggerSingleton:info:43 - [ua.netcrackerteam.DAO.DBConnect],[GetFIOFromForm] has successfully executed
19:16:39,659  INFO main InterviewLoggerSingleton:info:43 - [ua.netcrackerteam.DAO.DBConnect],[main] has successfully executed
19:20:15,023  INFO main InterviewLoggerSingleton:info:43 - [ua.netcrackerteam.configuration.InterviewLoggerReader],[main] has successfully executed
19:21:55,847  INFO main InterviewLoggerSingleton:info:44 - [ua.netcrackerteam.configuration.InterviewLoggerReader],[main] has successfully executed
19:22:55,945  INFO main InterviewLoggerSingleton:info:43 - [ua.netcrackerteam.configuration.InterviewLoggerReader],[main] has successfully executed
19:48:50,964  INFO main InterviewLoggerSingleton:info:43 - [ua.netcrackerteam.DAO.DbConnectionSingleton],[getConnection] has successfully executed
19:48:51,079  INFO main InterviewLoggerSingleton:info:43 - [ua.netcrackerteam.DAO.DBStandartQuery],[SelectQuery] has successfully executed
19:48:51,079  INFO main InterviewLoggerSingleton:info:43 - [ua.netcrackerteam.DAO.DBConnect],[GetFIOFromForm] has successfully executed
19:48:51,080  INFO main InterviewLoggerSingleton:info:43 - [ua.netcrackerteam.DAO.DBConnect],[main] has successfully executed
